<?xml version="1.0" encoding="UTF-8"?>
<!-- Generated by org.testng.reporters.JUnitReportReporter -->
<testsuite hostname="DESKTOP-A85P5K1" failures="0" tests="5" name="Assessment1.OrangeHRM" time="10.355" errors="0" timestamp="2023-06-01T13:42:25 NPT" skipped="0">
  <testcase classname="Assessment1.OrangeHRM" name="my_info" time="4.566"/>
  <system-out/>
  <testcase classname="Assessment1.OrangeHRM" name="nationality" time="0.253"/>
  <system-out/>
  <testcase classname="Assessment1.OrangeHRM" name="marriage_status" time="0.198"/>
  <system-out/>
  <testcase classname="Assessment1.OrangeHRM" name="info_continued" time="0.658"/>
  <system-out/>
  <testcase classname="Assessment1.OrangeHRM" name="bloodType" time="4.680"/>
  <system-out/>
</testsuite> <!-- Assessment1.OrangeHRM -->
