<?xml version="1.0" encoding="UTF-8"?>
<!-- Generated by org.testng.reporters.JUnitReportReporter -->
<testsuite hostname="DESKTOP-A85P5K1" failures="0" tests="1" name="Assessment1.DrrazLoginModule" time="0.661" errors="0" timestamp="2023-05-29T14:54:32 NPT" skipped="0">
  <testcase classname="Assessment1.DrrazLoginModule" name="add_to_cart" time="0.661"/>
  <system-out/>
</testsuite> <!-- Assessment1.DrrazLoginModule -->
