<?xml version="1.0" encoding="UTF-8"?>
<!-- Generated by org.testng.reporters.JUnitReportReporter -->
<testsuite hostname="DESKTOP-A85P5K1" failures="0" tests="1" name="Assessment1.TestFOrDriv" time="6.211" errors="0" timestamp="2023-05-27T16:31:41 NPT" skipped="0">
  <testcase classname="Assessment1.TestFOrDriv" name="brow" time="6.211"/>
  <system-out/>
</testsuite> <!-- Assessment1.TestFOrDriv -->
